
*** Running vivado
    with args -log reverse_bits_tb.vds -m64 -product Vivado -mode batch -messageDb vivado.pb -notrace -source reverse_bits_tb.tcl



****** Vivado v2022.1 (64-bit)
  **** SW Build 3526262 on Mon Apr 18 15:48:16 MDT 2022
  **** IP Build 3524634 on Mon Apr 18 20:55:01 MDT 2022
    ** Copyright 1986-2022 Xilinx, Inc. All Rights Reserved.

source reverse_bits_tb.tcl -notrace
Command: synth_design -top reverse_bits_tb -part xc7a200tfbg676-2
Starting synth_design
Attempting to get a license for feature 'Synthesis' and/or device 'xc7a200t'
INFO: [Common 17-349] Got license for feature 'Synthesis' and/or device 'xc7a200t'
INFO: [Synth 8-7079] Multithreading enabled for synth_design using a maximum of 2 processes.
INFO: [Synth 8-7078] Launching helper process for spawning children vivado processes
INFO: [Synth 8-7075] Helper process launched with PID 18092
---------------------------------------------------------------------------------
Starting Synthesize : Time (s): cpu = 00:00:04 ; elapsed = 00:00:04 . Memory (MB): peak = 1632.379 ; gain = 0.000
---------------------------------------------------------------------------------
INFO: [Synth 8-6157] synthesizing module 'reverse_bits_tb' [C:/File/zkp/Lab/NTT-study/HW/naiveFNTT/tb/tb_reverse_bits.sv:1]
ERROR: [Synth 8-439] module 'reverse_bits' not found [C:/File/zkp/Lab/NTT-study/HW/naiveFNTT/tb/tb_reverse_bits.sv:22]
ERROR: [Synth 8-6156] failed synthesizing module 'reverse_bits_tb' [C:/File/zkp/Lab/NTT-study/HW/naiveFNTT/tb/tb_reverse_bits.sv:1]
---------------------------------------------------------------------------------
Finished Synthesize : Time (s): cpu = 00:00:06 ; elapsed = 00:00:06 . Memory (MB): peak = 1632.379 ; gain = 0.000
---------------------------------------------------------------------------------
synthesize failed
INFO: [Common 17-83] Releasing license: Synthesis
6 Infos, 0 Warnings, 0 Critical Warnings and 3 Errors encountered.
synth_design failed
ERROR: [Common 17-69] Command failed: Vivado Synthesis failed
INFO: [Common 17-206] Exiting Vivado at Wed Apr 26 18:01:36 2023...
